app/build/intermediates/manifest_merge_blame_file/debug/manifest-merger-blame-debug-report.txt
1<?xml version="1.0" encoding="utf-8"?>
2<manifest xmlns:android="http://schemas.android.com/apk/res/android"
3    package="com.borisruzanov.russianwives"
4    android:versionCode="25"
5    android:versionName="3.7" >
6
7    <uses-sdk
8        android:minSdkVersion="19"
8-->src\main\AndroidManifest.xml
9        android:targetSdkVersion="28" />
9-->src\main\AndroidManifest.xml
10
11    <uses-permission android:name="android.permission.INTERNET" />
11-->src\main\AndroidManifest.xml:5:5-67
11-->src\main\AndroidManifest.xml:5:22-64
12    <uses-permission android:name="com.android.vending.BILLING" />
12-->src\main\AndroidManifest.xml:6:5-67
12-->src\main\AndroidManifest.xml:6:22-64
13    <uses-permission android:name="android.permission.ACCESS_NETWORK_STATE" />
13-->src\main\AndroidManifest.xml:7:5-79
13-->src\main\AndroidManifest.xml:7:22-76
14    <uses-permission android:name="android.permission.READ_EXTERNAL_STORAGE" />
14-->src\main\AndroidManifest.xml:8:5-80
14-->src\main\AndroidManifest.xml:8:22-77
15    <uses-permission android:name="android.permission.WRITE_EXTERNAL_STORAGE" />
15-->src\main\AndroidManifest.xml:9:5-81
15-->src\main\AndroidManifest.xml:9:22-78
16    <uses-permission android:name="android.permission.CAMERA" />
16-->src\main\AndroidManifest.xml:10:5-64
16-->src\main\AndroidManifest.xml:10:22-62
17
18    <!-- Optional permission for Analytics to run. -->
19    <uses-permission android:name="android.permission.WAKE_LOCK" /> <!-- Required by older versions of Google Play services to create IID tokens -->
19-->[com.google.android.gms:play-services-analytics:16.0.8] AndroidManifest.xml:27:5-68
19-->[com.google.android.gms:play-services-analytics:16.0.8] AndroidManifest.xml:27:22-65
20    <uses-permission android:name="com.google.android.c2dm.permission.RECEIVE" />
20-->[com.google.firebase:firebase-iid:17.1.2] AndroidManifest.xml:26:5-82
20-->[com.google.firebase:firebase-iid:17.1.2] AndroidManifest.xml:26:22-79
21    <uses-permission android:name="com.google.android.finsky.permission.BIND_GET_INSTALL_REFERRER_SERVICE" />
21-->[com.google.android.gms:play-services-measurement:16.4.0] AndroidManifest.xml:26:5-110
21-->[com.google.android.gms:play-services-measurement:16.4.0] AndroidManifest.xml:26:22-107
22
23    <application
23-->src\main\AndroidManifest.xml:12:5-116:19
24        android:name="com.borisruzanov.russianwives.App"
24-->src\main\AndroidManifest.xml:13:9-28
25        android:allowBackup="true"
25-->src\main\AndroidManifest.xml:14:9-35
26        android:appComponentFactory="android.support.v4.app.CoreComponentFactory"
26-->[com.android.support:support-compat:28.0.0] AndroidManifest.xml:22:18-91
27        android:debuggable="true"
28        android:icon="@mipmap/ic_launcher"
28-->src\main\AndroidManifest.xml:15:9-43
29        android:label="@string/app_name"
29-->src\main\AndroidManifest.xml:16:9-41
30        android:roundIcon="@mipmap/ic_launcher_round"
30-->src\main\AndroidManifest.xml:17:9-54
31        android:supportsRtl="true"
31-->src\main\AndroidManifest.xml:18:9-35
32        android:testOnly="true"
33        android:theme="@style/AppTheme" >
33-->src\main\AndroidManifest.xml:19:9-40
34        <activity
34-->src\main\AndroidManifest.xml:21:9-23:52
35            android:name="com.borisruzanov.russianwives.mvp.ui.actions.ActionsActivity"
35-->src\main\AndroidManifest.xml:22:13-59
36            android:screenOrientation="portrait" />
36-->src\main\AndroidManifest.xml:23:13-49
37        <activity
37-->src\main\AndroidManifest.xml:24:9-26:52
38            android:name="com.borisruzanov.russianwives.mvp.ui.chats.ChatsActivity"
38-->src\main\AndroidManifest.xml:25:13-55
39            android:screenOrientation="portrait" />
39-->src\main\AndroidManifest.xml:26:13-49
40
41        <meta-data
41-->src\main\AndroidManifest.xml:28:9-30:63
42            android:name="com.facebook.sdk.ApplicationId"
42-->src\main\AndroidManifest.xml:29:13-58
43            android:value="@string/facebook_application_id" />
43-->src\main\AndroidManifest.xml:30:13-60
44        <meta-data
44-->src\main\AndroidManifest.xml:31:9-33:70
45            android:name="com.google.android.gms.ads.APPLICATION_ID"
45-->src\main\AndroidManifest.xml:32:13-69
46            android:value="ca-app-pub-9301397323281662~4766871982" />
46-->src\main\AndroidManifest.xml:33:13-67
47
48        <activity
48-->src\main\AndroidManifest.xml:35:9-38:48
49            android:name="com.facebook.FacebookActivity"
49-->src\main\AndroidManifest.xml:36:13-57
50            android:configChanges="keyboard|keyboardHidden|screenLayout|screenSize|orientation"
50-->src\main\AndroidManifest.xml:37:13-96
51            android:label="@string/app_name"
51-->src\main\AndroidManifest.xml:38:13-45
52            android:theme="@style/com_facebook_activity_theme" />
52-->[com.facebook.android:facebook-common:4.29.0] AndroidManifest.xml:32:13-63
53        <activity
53-->src\main\AndroidManifest.xml:39:9-41:62
54            android:name="com.borisruzanov.russianwives.mvp.ui.main.MainActivity"
54-->src\main\AndroidManifest.xml:40:13-53
55            android:configChanges="screenSize|orientation" />
55-->src\main\AndroidManifest.xml:41:13-59
56        <activity
56-->src\main\AndroidManifest.xml:42:9-44:59
57            android:name="com.theartofdev.edmodo.cropper.CropImageActivity"
57-->src\main\AndroidManifest.xml:43:13-76
58            android:theme="@style/Base.Theme.AppCompat" />
58-->src\main\AndroidManifest.xml:44:13-56
59        <activity
59-->src\main\AndroidManifest.xml:45:9-47:52
60            android:name="com.borisruzanov.russianwives.mvp.ui.rewardvideo.RewardVideoActivity"
60-->src\main\AndroidManifest.xml:46:13-67
61            android:screenOrientation="portrait" />
61-->src\main\AndroidManifest.xml:47:13-49
62        <activity
62-->src\main\AndroidManifest.xml:48:9-51:52
63            android:name="com.borisruzanov.russianwives.mvp.ui.chatmessage.ChatMessageActivity"
63-->src\main\AndroidManifest.xml:49:13-67
64            android:parentActivityName="com.borisruzanov.russianwives.mvp.ui.main.MainScreenActivity"
64-->src\main\AndroidManifest.xml:50:13-73
65            android:screenOrientation="portrait" />
65-->src\main\AndroidManifest.xml:51:13-49
66        <activity
66-->src\main\AndroidManifest.xml:52:9-54:52
67            android:name="com.borisruzanov.russianwives.mvp.ui.profilesettings.ProfileSettingsActivity"
67-->src\main\AndroidManifest.xml:53:13-75
68            android:screenOrientation="portrait" />
68-->src\main\AndroidManifest.xml:54:13-49
69        <activity
69-->src\main\AndroidManifest.xml:55:9-58:59
70            android:name="com.borisruzanov.russianwives.mvp.ui.myprofile.MyProfileActivity"
70-->src\main\AndroidManifest.xml:56:13-63
71            android:screenOrientation="portrait"
71-->src\main\AndroidManifest.xml:57:13-49
72            android:theme="@style/AppTheme.NoActionBar" />
72-->src\main\AndroidManifest.xml:58:13-56
73        <activity
73-->src\main\AndroidManifest.xml:59:9-66:20
74            android:name="com.borisruzanov.russianwives.mvp.ui.slider.SliderActivity"
74-->src\main\AndroidManifest.xml:60:13-57
75            android:parentActivityName="com.borisruzanov.russianwives.mvp.ui.main.MainScreenActivity"
75-->src\main\AndroidManifest.xml:61:13-73
76            android:screenOrientation="portrait" >
76-->src\main\AndroidManifest.xml:62:13-49
77            <meta-data
77-->src\main\AndroidManifest.xml:63:13-65:96
78                android:name="android.support.PARENT_ACTIVITY"
78-->src\main\AndroidManifest.xml:64:17-63
79                android:value="com.borisruzanov.russianwives.mvp.ui.main.MainScreenActivity" />
79-->src\main\AndroidManifest.xml:65:17-93
80        </activity>
81        <activity
81-->src\main\AndroidManifest.xml:67:9-69:52
82            android:name="com.borisruzanov.russianwives.mvp.ui.friendprofile.FriendProfileActivity"
82-->src\main\AndroidManifest.xml:68:13-71
83            android:screenOrientation="portrait" />
83-->src\main\AndroidManifest.xml:69:13-49
84
85        <receiver android:name="com.borisruzanov.russianwives.widget.ActionWidgetProvider" >
85-->src\main\AndroidManifest.xml:71:9-79:20
85-->src\main\AndroidManifest.xml:71:19-62
86            <intent-filter>
86-->src\main\AndroidManifest.xml:72:13-74:29
87                <action android:name="android.appwidget.action.APPWIDGET_UPDATE" />
87-->src\main\AndroidManifest.xml:73:17-84
87-->src\main\AndroidManifest.xml:73:25-81
88            </intent-filter>
89
90            <meta-data
90-->src\main\AndroidManifest.xml:76:13-78:62
91                android:name="android.appwidget.provider"
91-->src\main\AndroidManifest.xml:77:17-58
92                android:resource="@xml/action_widget_info" />
92-->src\main\AndroidManifest.xml:78:17-59
93        </receiver>
94
95        <service
95-->src\main\AndroidManifest.xml:81:9-83:72
96            android:name="com.borisruzanov.russianwives.widget.ActionWidgetService"
96-->src\main\AndroidManifest.xml:82:13-55
97            android:permission="android.permission.BIND_JOB_SERVICE" />
97-->src\main\AndroidManifest.xml:83:13-69
98        <service android:name="com.borisruzanov.russianwives.mvp.model.data.notifications.RwFirebaseMessagingService" >
98-->src\main\AndroidManifest.xml:84:9-88:19
98-->src\main\AndroidManifest.xml:84:18-89
99            <intent-filter>
99-->src\main\AndroidManifest.xml:85:13-87:29
100                <action android:name="com.google.firebase.MESSAGING_EVENT" />
100-->src\main\AndroidManifest.xml:86:17-78
100-->src\main\AndroidManifest.xml:86:25-75
101            </intent-filter>
102        </service>
103
104        <meta-data
104-->src\main\AndroidManifest.xml:90:9-92:63
105            android:name="com.google.firebase.messaging.default_notification_channel_id"
105-->src\main\AndroidManifest.xml:91:13-89
106            android:value="@string/notification_channel_id" />
106-->src\main\AndroidManifest.xml:92:13-60
107
108        <activity android:name="com.borisruzanov.russianwives.mvp.ui.shop.ServicesActivity" />
108-->src\main\AndroidManifest.xml:94:9-66
108-->src\main\AndroidManifest.xml:94:19-63
109        <activity
109-->src\main\AndroidManifest.xml:95:9-103:20
110            android:name="com.borisruzanov.russianwives.mvp.ui.main.MainScreenActivity"
110-->src\main\AndroidManifest.xml:96:13-59
111            android:screenOrientation="portrait" >
111-->src\main\AndroidManifest.xml:97:13-49
112            <intent-filter>
112-->src\main\AndroidManifest.xml:98:13-102:29
113                <action android:name="android.intent.action.MAIN" />
113-->src\main\AndroidManifest.xml:99:17-69
113-->src\main\AndroidManifest.xml:99:25-66
114
115                <category android:name="android.intent.category.LAUNCHER" />
115-->src\main\AndroidManifest.xml:101:17-77
115-->src\main\AndroidManifest.xml:101:27-74
116            </intent-filter>
117        </activity>
118        <activity
118-->src\main\AndroidManifest.xml:104:9-106:52
119            android:name="com.borisruzanov.russianwives.mvp.ui.unlockuser.UnlockUserActivity"
119-->src\main\AndroidManifest.xml:105:13-65
120            android:screenOrientation="portrait" />
120-->src\main\AndroidManifest.xml:106:13-49
121        <activity
121-->src\main\AndroidManifest.xml:107:9-109:52
122            android:name="com.borisruzanov.russianwives.mvp.ui.disclamer.NewUserDisclaimerActivity"
122-->src\main\AndroidManifest.xml:108:13-71
123            android:screenOrientation="portrait" />
123-->src\main\AndroidManifest.xml:109:13-49
124        <activity
124-->src\main\AndroidManifest.xml:110:9-111:51
125            android:name="com.borisruzanov.russianwives.mvp.ui.video.VideoRecordingActivity"
125-->src\main\AndroidManifest.xml:110:19-70
126            android:screenOrientation="portrait" />
126-->src\main\AndroidManifest.xml:111:13-49
127        <activity
127-->src\main\AndroidManifest.xml:112:9-115:75
128            android:name="com.borisruzanov.russianwives.mvp.ui.disclamer.VideoDisclaimerActivity"
128-->src\main\AndroidManifest.xml:113:13-69
129            android:parentActivityName="com.borisruzanov.russianwives.mvp.ui.main.MainScreenActivity"
129-->src\main\AndroidManifest.xml:115:13-73
130            android:screenOrientation="portrait" />
130-->src\main\AndroidManifest.xml:114:13-49
131
132        <meta-data
132-->[com.firebaseui:firebase-ui-auth:4.3.2] AndroidManifest.xml:16:9-18:69
133            android:name="com.google.android.gms.version"
133-->[com.firebaseui:firebase-ui-auth:4.3.2] AndroidManifest.xml:17:13-58
134            android:value="@integer/google_play_services_version" />
134-->[com.firebaseui:firebase-ui-auth:4.3.2] AndroidManifest.xml:18:13-66
135
136        <activity
136-->[com.firebaseui:firebase-ui-auth:4.3.2] AndroidManifest.xml:23:9-27:61
137            android:name="com.firebase.ui.auth.KickoffActivity"
137-->[com.firebaseui:firebase-ui-auth:4.3.2] AndroidManifest.xml:24:13-64
138            android:exported="false"
138-->[com.firebaseui:firebase-ui-auth:4.3.2] AndroidManifest.xml:25:13-37
139            android:label=""
139-->[com.firebaseui:firebase-ui-auth:4.3.2] AndroidManifest.xml:26:13-29
140            android:theme="@style/FirebaseUI.Transparent" />
140-->[com.firebaseui:firebase-ui-auth:4.3.2] AndroidManifest.xml:27:13-58
141        <activity
141-->[com.firebaseui:firebase-ui-auth:4.3.2] AndroidManifest.xml:28:9-32:61
142            android:name="com.firebase.ui.auth.ui.idp.SingleSignInActivity"
142-->[com.firebaseui:firebase-ui-auth:4.3.2] AndroidManifest.xml:29:13-76
143            android:exported="false"
143-->[com.firebaseui:firebase-ui-auth:4.3.2] AndroidManifest.xml:30:13-37
144            android:label=""
144-->[com.firebaseui:firebase-ui-auth:4.3.2] AndroidManifest.xml:31:13-29
145            android:theme="@style/FirebaseUI.Transparent" />
145-->[com.firebaseui:firebase-ui-auth:4.3.2] AndroidManifest.xml:32:13-58
146        <activity
146-->[com.firebaseui:firebase-ui-auth:4.3.2] AndroidManifest.xml:33:9-37:61
147            android:name="com.firebase.ui.auth.ui.credentials.CredentialSaveActivity"
147-->[com.firebaseui:firebase-ui-auth:4.3.2] AndroidManifest.xml:34:13-86
148            android:exported="false"
148-->[com.firebaseui:firebase-ui-auth:4.3.2] AndroidManifest.xml:35:13-37
149            android:label=""
149-->[com.firebaseui:firebase-ui-auth:4.3.2] AndroidManifest.xml:36:13-29
150            android:theme="@style/FirebaseUI.Transparent" />
150-->[com.firebaseui:firebase-ui-auth:4.3.2] AndroidManifest.xml:37:13-58
151        <activity
151-->[com.firebaseui:firebase-ui-auth:4.3.2] AndroidManifest.xml:38:9-42:58
152            android:name="com.firebase.ui.auth.ui.email.RecoverPasswordActivity"
152-->[com.firebaseui:firebase-ui-auth:4.3.2] AndroidManifest.xml:39:13-81
153            android:exported="false"
153-->[com.firebaseui:firebase-ui-auth:4.3.2] AndroidManifest.xml:40:13-37
154            android:label="@string/fui_title_recover_password_activity"
154-->[com.firebaseui:firebase-ui-auth:4.3.2] AndroidManifest.xml:41:13-72
155            android:windowSoftInputMode="adjustResize" />
155-->[com.firebaseui:firebase-ui-auth:4.3.2] AndroidManifest.xml:42:13-55
156        <activity
156-->[com.firebaseui:firebase-ui-auth:4.3.2] AndroidManifest.xml:43:9-47:58
157            android:name="com.firebase.ui.auth.ui.email.EmailActivity"
157-->[com.firebaseui:firebase-ui-auth:4.3.2] AndroidManifest.xml:44:13-71
158            android:exported="false"
158-->[com.firebaseui:firebase-ui-auth:4.3.2] AndroidManifest.xml:45:13-37
159            android:label="@string/fui_sign_in_default"
159-->[com.firebaseui:firebase-ui-auth:4.3.2] AndroidManifest.xml:46:13-56
160            android:windowSoftInputMode="adjustResize" />
160-->[com.firebaseui:firebase-ui-auth:4.3.2] AndroidManifest.xml:47:13-55
161        <activity
161-->[com.firebaseui:firebase-ui-auth:4.3.2] AndroidManifest.xml:48:9-52:77
162            android:name="com.firebase.ui.auth.ui.phone.PhoneActivity"
162-->[com.firebaseui:firebase-ui-auth:4.3.2] AndroidManifest.xml:49:13-71
163            android:exported="false"
163-->[com.firebaseui:firebase-ui-auth:4.3.2] AndroidManifest.xml:50:13-37
164            android:label="@string/fui_sign_in_with_phone_number"
164-->[com.firebaseui:firebase-ui-auth:4.3.2] AndroidManifest.xml:51:13-66
165            android:windowSoftInputMode="adjustResize|stateAlwaysVisible" />
165-->[com.firebaseui:firebase-ui-auth:4.3.2] AndroidManifest.xml:52:13-74
166        <activity
166-->[com.firebaseui:firebase-ui-auth:4.3.2] AndroidManifest.xml:53:9-57:58
167            android:name="com.firebase.ui.auth.ui.idp.WelcomeBackIdpPrompt"
167-->[com.firebaseui:firebase-ui-auth:4.3.2] AndroidManifest.xml:54:13-76
168            android:exported="false"
168-->[com.firebaseui:firebase-ui-auth:4.3.2] AndroidManifest.xml:55:13-37
169            android:label="@string/fui_title_welcome_back_idp_prompt"
169-->[com.firebaseui:firebase-ui-auth:4.3.2] AndroidManifest.xml:56:13-70
170            android:windowSoftInputMode="adjustResize" />
170-->[com.firebaseui:firebase-ui-auth:4.3.2] AndroidManifest.xml:57:13-55
171        <activity
171-->[com.firebaseui:firebase-ui-auth:4.3.2] AndroidManifest.xml:58:9-62:58
172            android:name="com.firebase.ui.auth.ui.email.WelcomeBackPasswordPrompt"
172-->[com.firebaseui:firebase-ui-auth:4.3.2] AndroidManifest.xml:59:13-83
173            android:exported="false"
173-->[com.firebaseui:firebase-ui-auth:4.3.2] AndroidManifest.xml:60:13-37
174            android:label="@string/fui_title_welcome_back_password_prompt"
174-->[com.firebaseui:firebase-ui-auth:4.3.2] AndroidManifest.xml:61:13-75
175            android:windowSoftInputMode="adjustResize" />
175-->[com.firebaseui:firebase-ui-auth:4.3.2] AndroidManifest.xml:62:13-55
176        <activity
176-->[com.firebaseui:firebase-ui-auth:4.3.2] AndroidManifest.xml:63:9-67:58
177            android:name="com.firebase.ui.auth.ui.email.WelcomeBackEmailLinkPrompt"
177-->[com.firebaseui:firebase-ui-auth:4.3.2] AndroidManifest.xml:64:13-84
178            android:exported="false"
178-->[com.firebaseui:firebase-ui-auth:4.3.2] AndroidManifest.xml:65:13-37
179            android:label="@string/fui_title_welcome_back_password_prompt"
179-->[com.firebaseui:firebase-ui-auth:4.3.2] AndroidManifest.xml:66:13-75
180            android:windowSoftInputMode="adjustResize" />
180-->[com.firebaseui:firebase-ui-auth:4.3.2] AndroidManifest.xml:67:13-55
181        <activity
181-->[com.firebaseui:firebase-ui-auth:4.3.2] AndroidManifest.xml:68:9-73:58
182            android:name="com.firebase.ui.auth.ui.email.EmailLinkCatcherActivity"
182-->[com.firebaseui:firebase-ui-auth:4.3.2] AndroidManifest.xml:69:13-82
183            android:exported="false"
183-->[com.firebaseui:firebase-ui-auth:4.3.2] AndroidManifest.xml:70:13-37
184            android:label=""
184-->[com.firebaseui:firebase-ui-auth:4.3.2] AndroidManifest.xml:71:13-29
185            android:theme="@style/FirebaseUI.Transparent"
185-->[com.firebaseui:firebase-ui-auth:4.3.2] AndroidManifest.xml:72:13-58
186            android:windowSoftInputMode="adjustResize" />
186-->[com.firebaseui:firebase-ui-auth:4.3.2] AndroidManifest.xml:73:13-55
187        <activity
187-->[com.firebaseui:firebase-ui-auth:4.3.2] AndroidManifest.xml:74:9-78:58
188            android:name="com.firebase.ui.auth.ui.email.EmailLinkErrorRecoveryActivity"
188-->[com.firebaseui:firebase-ui-auth:4.3.2] AndroidManifest.xml:75:13-88
189            android:exported="false"
189-->[com.firebaseui:firebase-ui-auth:4.3.2] AndroidManifest.xml:76:13-37
190            android:label="@string/fui_sign_in_default"
190-->[com.firebaseui:firebase-ui-auth:4.3.2] AndroidManifest.xml:77:13-56
191            android:windowSoftInputMode="adjustResize" />
191-->[com.firebaseui:firebase-ui-auth:4.3.2] AndroidManifest.xml:78:13-55
192        <activity
192-->[com.firebaseui:firebase-ui-auth:4.3.2] AndroidManifest.xml:79:9-82:65
193            android:name="com.firebase.ui.auth.ui.idp.AuthMethodPickerActivity"
193-->[com.firebaseui:firebase-ui-auth:4.3.2] AndroidManifest.xml:80:13-80
194            android:exported="false"
194-->[com.firebaseui:firebase-ui-auth:4.3.2] AndroidManifest.xml:81:13-37
195            android:label="@string/fui_default_toolbar_title" />
195-->[com.firebaseui:firebase-ui-auth:4.3.2] AndroidManifest.xml:82:13-62
196        <activity
196-->[com.firebaseui:firebase-ui-auth:4.3.2] AndroidManifest.xml:88:9-100:20
197            android:name="com.facebook.CustomTabActivity"
197-->[com.firebaseui:firebase-ui-auth:4.3.2] AndroidManifest.xml:89:13-58
198            android:exported="true" >
198-->[com.firebaseui:firebase-ui-auth:4.3.2] AndroidManifest.xml:90:13-36
199            <intent-filter>
199-->[com.firebaseui:firebase-ui-auth:4.3.2] AndroidManifest.xml:92:13-99:29
200                <action android:name="android.intent.action.VIEW" />
200-->[com.firebaseui:firebase-ui-auth:4.3.2] AndroidManifest.xml:93:17-69
200-->[com.firebaseui:firebase-ui-auth:4.3.2] AndroidManifest.xml:93:25-66
201
202                <category android:name="android.intent.category.DEFAULT" />
202-->[com.firebaseui:firebase-ui-auth:4.3.2] AndroidManifest.xml:95:17-76
202-->[com.firebaseui:firebase-ui-auth:4.3.2] AndroidManifest.xml:95:27-73
203                <category android:name="android.intent.category.BROWSABLE" />
203-->[com.firebaseui:firebase-ui-auth:4.3.2] AndroidManifest.xml:96:17-78
203-->[com.firebaseui:firebase-ui-auth:4.3.2] AndroidManifest.xml:96:27-75
204
205                <data android:scheme="@string/facebook_login_protocol_scheme" />
205-->[com.firebaseui:firebase-ui-auth:4.3.2] AndroidManifest.xml:98:17-81
205-->[com.firebaseui:firebase-ui-auth:4.3.2] AndroidManifest.xml:98:23-78
206            </intent-filter>
207        </activity>
208
209        <provider
209-->[com.firebaseui:firebase-ui-auth:4.3.2] AndroidManifest.xml:102:9-106:38
210            android:name="com.firebase.ui.auth.data.client.AuthUiInitProvider"
210-->[com.firebaseui:firebase-ui-auth:4.3.2] AndroidManifest.xml:103:13-79
211            android:authorities="com.borisruzanov.russianwives.authuiinitprovider"
211-->[com.firebaseui:firebase-ui-auth:4.3.2] AndroidManifest.xml:104:13-70
212            android:exported="false"
212-->[com.firebaseui:firebase-ui-auth:4.3.2] AndroidManifest.xml:105:13-37
213            android:initOrder="90" />
213-->[com.firebaseui:firebase-ui-auth:4.3.2] AndroidManifest.xml:106:13-35
214
215        <activity android:name="com.facebook.CustomTabMainActivity" />
215-->[com.facebook.android:facebook-common:4.29.0] AndroidManifest.xml:33:9-71
215-->[com.facebook.android:facebook-common:4.29.0] AndroidManifest.xml:33:19-68
216
217        <service
217-->[com.google.firebase:firebase-firestore:18.2.0] AndroidManifest.xml:17:9-21:19
218            android:name="com.google.firebase.components.ComponentDiscoveryService"
218-->[com.google.firebase:firebase-firestore:18.2.0] AndroidManifest.xml:17:18-89
219            android:exported="false" >
219-->[com.google.firebase:firebase-auth:16.2.1] AndroidManifest.xml:35:13-37
220            <meta-data
220-->[com.google.firebase:firebase-firestore:18.2.0] AndroidManifest.xml:18:13-20:85
221                android:name="com.google.firebase.components:com.google.firebase.firestore.FirestoreRegistrar"
221-->[com.google.firebase:firebase-firestore:18.2.0] AndroidManifest.xml:19:17-111
222                android:value="com.google.firebase.components.ComponentRegistrar" />
222-->[com.google.firebase:firebase-firestore:18.2.0] AndroidManifest.xml:20:17-82
223            <meta-data
223-->[com.google.firebase:firebase-database:16.1.0] AndroidManifest.xml:30:13-32:85
224                android:name="com.google.firebase.components:com.google.firebase.database.DatabaseRegistrar"
224-->[com.google.firebase:firebase-database:16.1.0] AndroidManifest.xml:31:17-109
225                android:value="com.google.firebase.components.ComponentRegistrar" />
225-->[com.google.firebase:firebase-database:16.1.0] AndroidManifest.xml:32:17-82
226            <meta-data
226-->[com.google.firebase:firebase-auth:16.2.1] AndroidManifest.xml:36:13-38:85
227                android:name="com.google.firebase.components:com.google.firebase.auth.FirebaseAuthRegistrar"
227-->[com.google.firebase:firebase-auth:16.2.1] AndroidManifest.xml:37:17-109
228                android:value="com.google.firebase.components.ComponentRegistrar" />
228-->[com.google.firebase:firebase-auth:16.2.1] AndroidManifest.xml:38:17-82
229            <meta-data
229-->[com.google.firebase:firebase-config:16.5.0] AndroidManifest.xml:9:13-11:85
230                android:name="com.google.firebase.components:com.google.firebase.remoteconfig.RemoteConfigRegistrar"
230-->[com.google.firebase:firebase-config:16.5.0] AndroidManifest.xml:10:17-117
231                android:value="com.google.firebase.components.ComponentRegistrar" />
231-->[com.google.firebase:firebase-config:16.5.0] AndroidManifest.xml:11:17-82
232            <meta-data
232-->[com.google.firebase:firebase-storage:16.1.0] AndroidManifest.xml:31:13-33:85
233                android:name="com.google.firebase.components:com.google.firebase.storage.StorageRegistrar"
233-->[com.google.firebase:firebase-storage:16.1.0] AndroidManifest.xml:32:17-107
234                android:value="com.google.firebase.components.ComponentRegistrar" />
234-->[com.google.firebase:firebase-storage:16.1.0] AndroidManifest.xml:33:17-82
235            <meta-data
235-->[com.google.android.gms:play-services-measurement-api:16.4.0] AndroidManifest.xml:30:13-32:85
236                android:name="com.google.firebase.components:com.google.firebase.analytics.connector.internal.AnalyticsConnectorRegistrar"
236-->[com.google.android.gms:play-services-measurement-api:16.4.0] AndroidManifest.xml:31:17-139
237                android:value="com.google.firebase.components.ComponentRegistrar" />
237-->[com.google.android.gms:play-services-measurement-api:16.4.0] AndroidManifest.xml:32:17-82
238            <meta-data
238-->[com.google.firebase:firebase-iid:17.1.2] AndroidManifest.xml:32:13-34:85
239                android:name="com.google.firebase.components:com.google.firebase.iid.Registrar"
239-->[com.google.firebase:firebase-iid:17.1.2] AndroidManifest.xml:33:17-96
240                android:value="com.google.firebase.components.ComponentRegistrar" />
240-->[com.google.firebase:firebase-iid:17.1.2] AndroidManifest.xml:34:17-82
241            <meta-data
241-->[com.google.firebase:firebase-abt:17.1.0] AndroidManifest.xml:9:13-11:85
242                android:name="com.google.firebase.components:com.google.firebase.abt.component.AbtRegistrar"
242-->[com.google.firebase:firebase-abt:17.1.0] AndroidManifest.xml:10:17-109
243                android:value="com.google.firebase.components.ComponentRegistrar" />
243-->[com.google.firebase:firebase-abt:17.1.0] AndroidManifest.xml:11:17-82
244        </service>
245
246        <activity
246-->[com.google.firebase:firebase-auth:16.2.1] AndroidManifest.xml:24:9-31:50
247            android:name="com.google.firebase.auth.internal.FederatedSignInActivity"
247-->[com.google.firebase:firebase-auth:16.2.1] AndroidManifest.xml:25:13-85
248            android:excludeFromRecents="true"
248-->[com.google.firebase:firebase-auth:16.2.1] AndroidManifest.xml:26:13-46
249            android:exported="true"
249-->[com.google.firebase:firebase-auth:16.2.1] AndroidManifest.xml:27:13-36
250            android:launchMode="singleTask"
250-->[com.google.firebase:firebase-auth:16.2.1] AndroidManifest.xml:28:13-44
251            android:permission="com.google.firebase.auth.api.gms.permission.LAUNCH_FEDERATED_SIGN_IN"
251-->[com.google.firebase:firebase-auth:16.2.1] AndroidManifest.xml:29:13-102
252            android:theme="@android:style/Theme.Translucent.NoTitleBar" />
252-->[com.google.firebase:firebase-auth:16.2.1] AndroidManifest.xml:30:13-72
253        <!--
254             FirebaseMessagingService performs security checks at runtime,
255             but set to not exported to explicitly avoid allowing another app to call it.
256        -->
257        <service
257-->[com.google.firebase:firebase-messaging:17.6.0] AndroidManifest.xml:28:9-34:19
258            android:name="com.google.firebase.messaging.FirebaseMessagingService"
258-->[com.google.firebase:firebase-messaging:17.6.0] AndroidManifest.xml:29:13-82
259            android:exported="false" >
259-->[com.google.firebase:firebase-messaging:17.6.0] AndroidManifest.xml:30:13-37
260            <intent-filter android:priority="-500" >
260-->src\main\AndroidManifest.xml:85:13-87:29
261                <action android:name="com.google.firebase.MESSAGING_EVENT" />
261-->src\main\AndroidManifest.xml:86:17-78
261-->src\main\AndroidManifest.xml:86:25-75
262            </intent-filter>
263        </service>
264
265        <receiver
265-->[com.google.android.gms:play-services-analytics:16.0.8] AndroidManifest.xml:30:9-34:20
266            android:name="com.google.android.gms.analytics.AnalyticsReceiver"
266-->[com.google.android.gms:play-services-analytics:16.0.8] AndroidManifest.xml:31:13-78
267            android:enabled="true"
267-->[com.google.android.gms:play-services-analytics:16.0.8] AndroidManifest.xml:32:13-35
268            android:exported="false" >
268-->[com.google.android.gms:play-services-analytics:16.0.8] AndroidManifest.xml:33:13-37
269        </receiver>
270
271        <service
271-->[com.google.android.gms:play-services-analytics:16.0.8] AndroidManifest.xml:36:9-39:40
272            android:name="com.google.android.gms.analytics.AnalyticsService"
272-->[com.google.android.gms:play-services-analytics:16.0.8] AndroidManifest.xml:37:13-77
273            android:enabled="true"
273-->[com.google.android.gms:play-services-analytics:16.0.8] AndroidManifest.xml:38:13-35
274            android:exported="false" />
274-->[com.google.android.gms:play-services-analytics:16.0.8] AndroidManifest.xml:39:13-37
275        <service